<ns0:test-suite xmlns:ns0="urn:model.allure.qatools.yandex.ru" start="1540650907881" stop="1540650908440">
  <name>PyRD.PR2.day10.test_selenium.test_input.test_id</name>
  <labels/>
  <test-cases>
    <test-case start="1540650907881" status="failed" stop="1540650908440">
      <name>test_getid</name>
      <failure>
        <message>AssertionError: assert 'input' == 'a'
  - input
  + a</message>
        <stack-trace>brower = &lt;selenium.webdriver.chrome.webdriver.WebDriver (session="0e997fd39fd738217c1a7d23c78a2ecc")&gt;

    def test_getid(brower):
        td = brower.find_element_by_id("su").tag_name
&gt;       assert td == "a"
E       AssertionError: assert 'input' == 'a'
E         - input
E         + a

test_input\test_id.py:7: AssertionError</stack-trace>
      </failure>
      <attachments/>
      <labels>
        <label name="severity" value="normal"/>
        <label name="thread" value="8808-MainThread"/>
        <label name="host" value="wjq"/>
        <label name="framework" value="pytest"/>
        <label name="language" value="cpython3"/>
      </labels>
      <steps/>
    </test-case>
  </test-cases>
</ns0:test-suite>
